<?xml version="1.0" encoding="UTF-8"?>
<testsuite name="com.gldnif.test.springboot.web.IndexControllerTest" tests="1" skipped="0" failures="0" errors="0" timestamp="2021-04-08T06:00:31" hostname="MacBook-Pro.local" time="0.44">
  <properties/>
  <testcase name="메인페이지_로딩" classname="com.gldnif.test.springboot.web.IndexControllerTest" time="0.44"/>
  <system-out><![CDATA[2021-04-08 15:00:23.708  INFO 29213 --- [    Test worker] .b.t.c.SpringBootTestContextBootstrapper : Neither @ContextConfiguration nor @ContextHierarchy found for test class [com.gldnif.test.springboot.web.IndexControllerTest], using SpringBootContextLoader
2021-04-08 15:00:23.709  INFO 29213 --- [    Test worker] o.s.t.c.support.AbstractContextLoader    : Could not detect default resource locations for test class [com.gldnif.test.springboot.web.IndexControllerTest]: no resource found for suffixes {-context.xml, Context.groovy}.
2021-04-08 15:00:23.709  INFO 29213 --- [    Test worker] t.c.s.AnnotationConfigContextLoaderUtils : Could not detect default configuration classes for test class [com.gldnif.test.springboot.web.IndexControllerTest]: IndexControllerTest does not declare any static, non-private, non-final, nested classes annotated with @Configuration.
2021-04-08 15:00:23.712  INFO 29213 --- [    Test worker] .b.t.c.SpringBootTestContextBootstrapper : Found @SpringBootConfiguration com.gldnif.test.Application for test class com.gldnif.test.springboot.web.IndexControllerTest
2021-04-08 15:00:23.715  INFO 29213 --- [    Test worker] .b.t.c.SpringBootTestContextBootstrapper : Loaded default TestExecutionListener class names from location [META-INF/spring.factories]: [org.springframework.boot.test.autoconfigure.restdocs.RestDocsTestExecutionListener, org.springframework.boot.test.autoconfigure.web.client.MockRestServiceServerResetTestExecutionListener, org.springframework.boot.test.autoconfigure.web.servlet.MockMvcPrintOnlyOnFailureTestExecutionListener, org.springframework.boot.test.autoconfigure.web.servlet.WebDriverTestExecutionListener, org.springframework.boot.test.mock.mockito.MockitoTestExecutionListener, org.springframework.boot.test.mock.mockito.ResetMocksTestExecutionListener, org.springframework.test.context.web.ServletTestExecutionListener, org.springframework.test.context.support.DirtiesContextBeforeModesTestExecutionListener, org.springframework.test.context.support.DependencyInjectionTestExecutionListener, org.springframework.test.context.support.DirtiesContextTestExecutionListener, org.springframework.test.context.transaction.TransactionalTestExecutionListener, org.springframework.test.context.jdbc.SqlScriptsTestExecutionListener]
2021-04-08 15:00:23.716  INFO 29213 --- [    Test worker] .b.t.c.SpringBootTestContextBootstrapper : Using TestExecutionListeners: [org.springframework.test.context.web.ServletTestExecutionListener@10aa0813, org.springframework.test.context.support.DirtiesContextBeforeModesTestExecutionListener@6b0c17a1, org.springframework.boot.test.mock.mockito.MockitoTestExecutionListener@1ea7debd, org.springframework.boot.test.autoconfigure.SpringBootDependencyInjectionTestExecutionListener@9e50466, org.springframework.test.context.support.DirtiesContextTestExecutionListener@49cf7fd9, org.springframework.test.context.transaction.TransactionalTestExecutionListener@42f5c85e, org.springframework.test.context.jdbc.SqlScriptsTestExecutionListener@6287a48b, org.springframework.boot.test.autoconfigure.restdocs.RestDocsTestExecutionListener@43605a89, org.springframework.boot.test.autoconfigure.web.client.MockRestServiceServerResetTestExecutionListener@71e3d48b, org.springframework.boot.test.autoconfigure.web.servlet.MockMvcPrintOnlyOnFailureTestExecutionListener@1db845d1, org.springframework.boot.test.autoconfigure.web.servlet.WebDriverTestExecutionListener@42441911, org.springframework.boot.test.mock.mockito.ResetMocksTestExecutionListener@3b1b7c2]

  .   ____          _            __ _ _
 /\\ / ___'_ __ _ _(_)_ __  __ _ \ \ \ \
( ( )\___ | '_ | '_| | '_ \/ _` | \ \ \ \
 \\/  ___)| |_)| | | | | || (_| |  ) ) ) )
  '  |____| .__|_| |_|_| |_\__, | / / / /
 =========|_|==============|___/=/_/_/_/
 :: Spring Boot ::        (v2.1.7.RELEASE)

2021-04-08 15:00:23.804  INFO 29213 --- [    Test worker] c.g.t.s.web.IndexControllerTest          : Starting IndexControllerTest on MacBook-Pro.local with PID 29213 (started by chang in /Users/chang/IdeaProjects/test_springboot2)
2021-04-08 15:00:23.806  INFO 29213 --- [    Test worker] c.g.t.s.web.IndexControllerTest          : The following profiles are active: oauth
2021-04-08 15:00:24.345  INFO 29213 --- [    Test worker] .s.d.r.c.RepositoryConfigurationDelegate : Bootstrapping Spring Data repositories in DEFAULT mode.
2021-04-08 15:00:24.543  INFO 29213 --- [    Test worker] .s.d.r.c.RepositoryConfigurationDelegate : Finished Spring Data repository scanning in 180ms. Found 2 repository interfaces.
2021-04-08 15:00:24.952  INFO 29213 --- [    Test worker] trationDelegate$BeanPostProcessorChecker : Bean 'org.springframework.transaction.annotation.ProxyTransactionManagementConfiguration' of type [org.springframework.transaction.annotation.ProxyTransactionManagementConfiguration$$EnhancerBySpringCGLIB$$4912e145] is not eligible for getting processed by all BeanPostProcessors (for example: not eligible for auto-proxying)
2021-04-08 15:00:25.706  INFO 29213 --- [    Test worker] o.s.b.w.embedded.tomcat.TomcatWebServer  : Tomcat initialized with port(s): 0 (http)
2021-04-08 15:00:25.759  INFO 29213 --- [    Test worker] o.apache.catalina.core.StandardService   : Starting service [Tomcat]
2021-04-08 15:00:25.759  INFO 29213 --- [    Test worker] org.apache.catalina.core.StandardEngine  : Starting Servlet engine: [Apache Tomcat/9.0.22]
2021-04-08 15:00:25.909  INFO 29213 --- [    Test worker] o.a.c.c.C.[Tomcat].[localhost].[/]       : Initializing Spring embedded WebApplicationContext
2021-04-08 15:00:25.909  INFO 29213 --- [    Test worker] o.s.web.context.ContextLoader            : Root WebApplicationContext: initialization completed in 2098 ms
2021-04-08 15:00:26.554  INFO 29213 --- [    Test worker] com.zaxxer.hikari.HikariDataSource       : HikariPool-1 - Starting...
2021-04-08 15:00:27.045  INFO 29213 --- [    Test worker] com.zaxxer.hikari.HikariDataSource       : HikariPool-1 - Start completed.
2021-04-08 15:00:27.397  INFO 29213 --- [    Test worker] o.hibernate.jpa.internal.util.LogHelper  : HHH000204: Processing PersistenceUnitInfo [
	name: default
	...]
2021-04-08 15:00:27.620  INFO 29213 --- [    Test worker] org.hibernate.Version                    : HHH000412: Hibernate Core {5.3.10.Final}
2021-04-08 15:00:27.623  INFO 29213 --- [    Test worker] org.hibernate.cfg.Environment            : HHH000206: hibernate.properties not found
2021-04-08 15:00:27.968  INFO 29213 --- [    Test worker] o.hibernate.annotations.common.Version   : HCANN000001: Hibernate Commons Annotations {5.0.4.Final}
2021-04-08 15:00:28.192  INFO 29213 --- [    Test worker] org.hibernate.dialect.Dialect            : HHH000400: Using dialect: org.hibernate.dialect.MySQL5InnoDBDialect
Hibernate: drop table if exists posts
Hibernate: drop table if exists user
Hibernate: create table posts (id bigint not null auto_increment, create_date datetime, modified_date datetime, author varchar(255), content TEXT not null, title varchar(500) not null, primary key (id)) engine=InnoDB
Hibernate: create table user (id bigint not null auto_increment, create_date datetime, modified_date datetime, email varchar(255) not null, name varchar(255) not null, picture varchar(255), role varchar(255) not null, primary key (id)) engine=InnoDB
2021-04-08 15:00:29.029  INFO 29213 --- [    Test worker] o.h.t.schema.internal.SchemaCreatorImpl  : HHH000476: Executing import script 'org.hibernate.tool.schema.internal.exec.ScriptSourceInputNonExistentImpl@2590cd14'
2021-04-08 15:00:29.033  INFO 29213 --- [    Test worker] j.LocalContainerEntityManagerFactoryBean : Initialized JPA EntityManagerFactory for persistence unit 'default'
2021-04-08 15:00:29.825  INFO 29213 --- [    Test worker] o.h.h.i.QueryTranslatorFactoryInitiator  : HHH000397: Using ASTQueryTranslatorFactory
2021-04-08 15:00:30.341  INFO 29213 --- [    Test worker] o.s.s.web.DefaultSecurityFilterChain     : Creating filter chain: any request, [org.springframework.security.web.context.request.async.WebAsyncManagerIntegrationFilter@3a60aede, org.springframework.security.web.context.SecurityContextPersistenceFilter@a7b52a7, org.springframework.security.web.header.HeaderWriterFilter@c8a4cbe, org.springframework.security.web.authentication.logout.LogoutFilter@1e906cc0, org.springframework.security.oauth2.client.web.OAuth2AuthorizationRequestRedirectFilter@51c9b2db, org.springframework.security.oauth2.client.web.OAuth2LoginAuthenticationFilter@2757636e, org.springframework.security.web.authentication.ui.DefaultLoginPageGeneratingFilter@bb69b3c, org.springframework.security.web.authentication.ui.DefaultLogoutPageGeneratingFilter@51bea435, org.springframework.security.web.savedrequest.RequestCacheAwareFilter@5849ab9f, org.springframework.security.web.servletapi.SecurityContextHolderAwareRequestFilter@5c143238, org.springframework.security.web.authentication.AnonymousAuthenticationFilter@3e8bdc36, org.springframework.security.web.session.SessionManagementFilter@71c0fd81, org.springframework.security.web.access.ExceptionTranslationFilter@104e3fa3, org.springframework.security.web.access.intercept.FilterSecurityInterceptor@381c364a]
2021-04-08 15:00:30.753  INFO 29213 --- [    Test worker] o.s.s.concurrent.ThreadPoolTaskExecutor  : Initializing ExecutorService 'applicationTaskExecutor'
2021-04-08 15:00:30.817  WARN 29213 --- [    Test worker] aWebConfiguration$JpaWebMvcConfiguration : spring.jpa.open-in-view is enabled by default. Therefore, database queries may be performed during view rendering. Explicitly configure spring.jpa.open-in-view to disable this warning
2021-04-08 15:00:30.885  INFO 29213 --- [    Test worker] o.s.b.a.w.s.WelcomePageHandlerMapping    : Adding welcome page template: index
2021-04-08 15:00:31.414  INFO 29213 --- [    Test worker] o.s.b.w.embedded.tomcat.TomcatWebServer  : Tomcat started on port(s): 64102 (http) with context path ''
2021-04-08 15:00:31.416  INFO 29213 --- [    Test worker] c.g.t.s.web.IndexControllerTest          : Started IndexControllerTest in 7.675 seconds (JVM running for 12.277)
2021-04-08 15:00:31.645  INFO 29213 --- [o-auto-1-exec-1] o.a.c.c.C.[Tomcat].[localhost].[/]       : Initializing Spring DispatcherServlet 'dispatcherServlet'
2021-04-08 15:00:31.647  INFO 29213 --- [o-auto-1-exec-1] o.s.web.servlet.DispatcherServlet        : Initializing Servlet 'dispatcherServlet'
2021-04-08 15:00:31.679  INFO 29213 --- [o-auto-1-exec-1] o.s.web.servlet.DispatcherServlet        : Completed initialization in 32 ms
Hibernate: select posts0_.id as id1_0_, posts0_.create_date as create_d2_0_, posts0_.modified_date as modified3_0_, posts0_.author as author4_0_, posts0_.content as content5_0_, posts0_.title as title6_0_ from posts posts0_ order by posts0_.id DESC
]]></system-out>
  <system-err><![CDATA[]]></system-err>
</testsuite>
