<?xml version="1.0" encoding="UTF-8"?>
<testsuite name="com.gldnif.test.springboot.web.IndexControllerTest" tests="1" skipped="0" failures="0" errors="0" timestamp="2021-04-01T09:38:17" hostname="MacBook-Pro.local" time="0.316">
  <properties/>
  <testcase name="메인페이지_로딩" classname="com.gldnif.test.springboot.web.IndexControllerTest" time="0.316"/>
  <system-out><![CDATA[18:38:11.344 [Test worker] DEBUG org.springframework.test.context.junit4.SpringJUnit4ClassRunner - SpringJUnit4ClassRunner constructor called with [class com.gldnif.test.springboot.web.IndexControllerTest]
18:38:11.351 [Test worker] DEBUG org.springframework.test.context.BootstrapUtils - Instantiating CacheAwareContextLoaderDelegate from class [org.springframework.test.context.cache.DefaultCacheAwareContextLoaderDelegate]
18:38:11.364 [Test worker] DEBUG org.springframework.test.context.BootstrapUtils - Instantiating BootstrapContext using constructor [public org.springframework.test.context.support.DefaultBootstrapContext(java.lang.Class,org.springframework.test.context.CacheAwareContextLoaderDelegate)]
18:38:11.384 [Test worker] DEBUG org.springframework.test.context.BootstrapUtils - Instantiating TestContextBootstrapper for test class [com.gldnif.test.springboot.web.IndexControllerTest] from class [org.springframework.boot.test.context.SpringBootTestContextBootstrapper]
18:38:11.403 [Test worker] INFO org.springframework.boot.test.context.SpringBootTestContextBootstrapper - Neither @ContextConfiguration nor @ContextHierarchy found for test class [com.gldnif.test.springboot.web.IndexControllerTest], using SpringBootContextLoader
18:38:11.408 [Test worker] DEBUG org.springframework.test.context.support.AbstractContextLoader - Did not detect default resource location for test class [com.gldnif.test.springboot.web.IndexControllerTest]: class path resource [com/gldnif/test/springboot/web/IndexControllerTest-context.xml] does not exist
18:38:11.409 [Test worker] DEBUG org.springframework.test.context.support.AbstractContextLoader - Did not detect default resource location for test class [com.gldnif.test.springboot.web.IndexControllerTest]: class path resource [com/gldnif/test/springboot/web/IndexControllerTestContext.groovy] does not exist
18:38:11.409 [Test worker] INFO org.springframework.test.context.support.AbstractContextLoader - Could not detect default resource locations for test class [com.gldnif.test.springboot.web.IndexControllerTest]: no resource found for suffixes {-context.xml, Context.groovy}.
18:38:11.410 [Test worker] INFO org.springframework.test.context.support.AnnotationConfigContextLoaderUtils - Could not detect default configuration classes for test class [com.gldnif.test.springboot.web.IndexControllerTest]: IndexControllerTest does not declare any static, non-private, non-final, nested classes annotated with @Configuration.
18:38:11.458 [Test worker] DEBUG org.springframework.test.context.support.ActiveProfilesUtils - Could not find an 'annotation declaring class' for annotation type [org.springframework.test.context.ActiveProfiles] and class [com.gldnif.test.springboot.web.IndexControllerTest]
18:38:11.569 [Test worker] DEBUG org.springframework.context.annotation.ClassPathScanningCandidateComponentProvider - Identified candidate component class: file [/Users/chang/IdeaProjects/test_springboot2/build/classes/java/main/com/gldnif/test/Application.class]
18:38:11.570 [Test worker] INFO org.springframework.boot.test.context.SpringBootTestContextBootstrapper - Found @SpringBootConfiguration com.gldnif.test.Application for test class com.gldnif.test.springboot.web.IndexControllerTest
18:38:11.684 [Test worker] DEBUG org.springframework.boot.test.context.SpringBootTestContextBootstrapper - @TestExecutionListeners is not present for class [com.gldnif.test.springboot.web.IndexControllerTest]: using defaults.
18:38:11.685 [Test worker] INFO org.springframework.boot.test.context.SpringBootTestContextBootstrapper - Loaded default TestExecutionListener class names from location [META-INF/spring.factories]: [org.springframework.boot.test.autoconfigure.restdocs.RestDocsTestExecutionListener, org.springframework.boot.test.autoconfigure.web.client.MockRestServiceServerResetTestExecutionListener, org.springframework.boot.test.autoconfigure.web.servlet.MockMvcPrintOnlyOnFailureTestExecutionListener, org.springframework.boot.test.autoconfigure.web.servlet.WebDriverTestExecutionListener, org.springframework.boot.test.mock.mockito.MockitoTestExecutionListener, org.springframework.boot.test.mock.mockito.ResetMocksTestExecutionListener, org.springframework.test.context.web.ServletTestExecutionListener, org.springframework.test.context.support.DirtiesContextBeforeModesTestExecutionListener, org.springframework.test.context.support.DependencyInjectionTestExecutionListener, org.springframework.test.context.support.DirtiesContextTestExecutionListener, org.springframework.test.context.transaction.TransactionalTestExecutionListener, org.springframework.test.context.jdbc.SqlScriptsTestExecutionListener]
18:38:11.707 [Test worker] INFO org.springframework.boot.test.context.SpringBootTestContextBootstrapper - Using TestExecutionListeners: [org.springframework.test.context.web.ServletTestExecutionListener@38f815a5, org.springframework.test.context.support.DirtiesContextBeforeModesTestExecutionListener@42f290c4, org.springframework.boot.test.mock.mockito.MockitoTestExecutionListener@55001aad, org.springframework.boot.test.autoconfigure.SpringBootDependencyInjectionTestExecutionListener@26c080d8, org.springframework.test.context.support.DirtiesContextTestExecutionListener@5eedfc98, org.springframework.test.context.transaction.TransactionalTestExecutionListener@8cf2331, org.springframework.test.context.jdbc.SqlScriptsTestExecutionListener@5d4f95f7, org.springframework.boot.test.autoconfigure.restdocs.RestDocsTestExecutionListener@7f2b08c6, org.springframework.boot.test.autoconfigure.web.client.MockRestServiceServerResetTestExecutionListener@4e933287, org.springframework.boot.test.autoconfigure.web.servlet.MockMvcPrintOnlyOnFailureTestExecutionListener@3fb456cf, org.springframework.boot.test.autoconfigure.web.servlet.WebDriverTestExecutionListener@1ef59ce3, org.springframework.boot.test.mock.mockito.ResetMocksTestExecutionListener@39bfdac3]
18:38:11.711 [Test worker] DEBUG org.springframework.test.annotation.ProfileValueUtils - Retrieved @ProfileValueSourceConfiguration [null] for test class [com.gldnif.test.springboot.web.IndexControllerTest]
18:38:11.711 [Test worker] DEBUG org.springframework.test.annotation.ProfileValueUtils - Retrieved ProfileValueSource type [class org.springframework.test.annotation.SystemProfileValueSource] for class [com.gldnif.test.springboot.web.IndexControllerTest]
18:38:11.717 [Test worker] DEBUG org.springframework.test.annotation.ProfileValueUtils - Retrieved @ProfileValueSourceConfiguration [null] for test class [com.gldnif.test.springboot.web.IndexControllerTest]
18:38:11.717 [Test worker] DEBUG org.springframework.test.annotation.ProfileValueUtils - Retrieved ProfileValueSource type [class org.springframework.test.annotation.SystemProfileValueSource] for class [com.gldnif.test.springboot.web.IndexControllerTest]
18:38:11.718 [Test worker] DEBUG org.springframework.test.annotation.ProfileValueUtils - Retrieved @ProfileValueSourceConfiguration [null] for test class [com.gldnif.test.springboot.web.IndexControllerTest]
18:38:11.718 [Test worker] DEBUG org.springframework.test.annotation.ProfileValueUtils - Retrieved ProfileValueSource type [class org.springframework.test.annotation.SystemProfileValueSource] for class [com.gldnif.test.springboot.web.IndexControllerTest]
18:38:11.722 [Test worker] DEBUG org.springframework.test.context.support.AbstractDirtiesContextTestExecutionListener - Before test class: context [DefaultTestContext@365072e9 testClass = IndexControllerTest, testInstance = [null], testMethod = [null], testException = [null], mergedContextConfiguration = [WebMergedContextConfiguration@6d845fc7 testClass = IndexControllerTest, locations = '{}', classes = '{class com.gldnif.test.Application}', contextInitializerClasses = '[]', activeProfiles = '{}', propertySourceLocations = '{}', propertySourceProperties = '{org.springframework.boot.test.context.SpringBootTestContextBootstrapper=true, server.port=0}', contextCustomizers = set[org.springframework.boot.test.autoconfigure.properties.PropertyMappingContextCustomizer@0, org.springframework.boot.test.autoconfigure.web.servlet.WebDriverContextCustomizerFactory$Customizer@697276e5, org.springframework.boot.test.context.filter.ExcludeFilterContextCustomizer@2a453300, org.springframework.boot.test.json.DuplicateJsonObjectContextCustomizerFactory$DuplicateJsonObjectContextCustomizer@59ed0800, org.springframework.boot.test.mock.mockito.MockitoContextCustomizer@0, org.springframework.boot.test.web.client.TestRestTemplateContextCustomizer@1ca02ec8], resourceBasePath = 'src/main/webapp', contextLoader = 'org.springframework.boot.test.context.SpringBootContextLoader', parent = [null]], attributes = map['org.springframework.test.context.web.ServletTestExecutionListener.activateListener' -> false]], class annotated with @DirtiesContext [false] with mode [null].
18:38:11.722 [Test worker] DEBUG org.springframework.test.annotation.ProfileValueUtils - Retrieved @ProfileValueSourceConfiguration [null] for test class [com.gldnif.test.springboot.web.IndexControllerTest]
18:38:11.723 [Test worker] DEBUG org.springframework.test.annotation.ProfileValueUtils - Retrieved ProfileValueSource type [class org.springframework.test.annotation.SystemProfileValueSource] for class [com.gldnif.test.springboot.web.IndexControllerTest]
18:38:11.729 [Test worker] DEBUG org.springframework.test.context.support.DependencyInjectionTestExecutionListener - Performing dependency injection for test context [[DefaultTestContext@365072e9 testClass = IndexControllerTest, testInstance = com.gldnif.test.springboot.web.IndexControllerTest@4f4e3dd8, testMethod = [null], testException = [null], mergedContextConfiguration = [WebMergedContextConfiguration@6d845fc7 testClass = IndexControllerTest, locations = '{}', classes = '{class com.gldnif.test.Application}', contextInitializerClasses = '[]', activeProfiles = '{}', propertySourceLocations = '{}', propertySourceProperties = '{org.springframework.boot.test.context.SpringBootTestContextBootstrapper=true, server.port=0}', contextCustomizers = set[org.springframework.boot.test.autoconfigure.properties.PropertyMappingContextCustomizer@0, org.springframework.boot.test.autoconfigure.web.servlet.WebDriverContextCustomizerFactory$Customizer@697276e5, org.springframework.boot.test.context.filter.ExcludeFilterContextCustomizer@2a453300, org.springframework.boot.test.json.DuplicateJsonObjectContextCustomizerFactory$DuplicateJsonObjectContextCustomizer@59ed0800, org.springframework.boot.test.mock.mockito.MockitoContextCustomizer@0, org.springframework.boot.test.web.client.TestRestTemplateContextCustomizer@1ca02ec8], resourceBasePath = 'src/main/webapp', contextLoader = 'org.springframework.boot.test.context.SpringBootContextLoader', parent = [null]], attributes = map['org.springframework.test.context.web.ServletTestExecutionListener.activateListener' -> false]]].
18:38:11.761 [Test worker] DEBUG org.springframework.test.context.support.TestPropertySourceUtils - Adding inlined properties to environment: {spring.jmx.enabled=false, org.springframework.boot.test.context.SpringBootTestContextBootstrapper=true, server.port=0}

  .   ____          _            __ _ _
 /\\ / ___'_ __ _ _(_)_ __  __ _ \ \ \ \
( ( )\___ | '_ | '_| | '_ \/ _` | \ \ \ \
 \\/  ___)| |_)| | | | | || (_| |  ) ) ) )
  '  |____| .__|_| |_|_| |_\__, | / / / /
 =========|_|==============|___/=/_/_/_/
 :: Spring Boot ::        (v2.1.7.RELEASE)

2021-04-01 18:38:12.274  INFO 15821 --- [    Test worker] c.g.t.s.web.IndexControllerTest          : Starting IndexControllerTest on MacBook-Pro.local with PID 15821 (started by chang in /Users/chang/IdeaProjects/test_springboot2)
2021-04-01 18:38:12.276  INFO 15821 --- [    Test worker] c.g.t.s.web.IndexControllerTest          : No active profile set, falling back to default profiles: default
2021-04-01 18:38:12.943  INFO 15821 --- [    Test worker] .s.d.r.c.RepositoryConfigurationDelegate : Bootstrapping Spring Data repositories in DEFAULT mode.
2021-04-01 18:38:13.017  INFO 15821 --- [    Test worker] .s.d.r.c.RepositoryConfigurationDelegate : Finished Spring Data repository scanning in 63ms. Found 1 repository interfaces.
2021-04-01 18:38:13.424  INFO 15821 --- [    Test worker] trationDelegate$BeanPostProcessorChecker : Bean 'org.springframework.transaction.annotation.ProxyTransactionManagementConfiguration' of type [org.springframework.transaction.annotation.ProxyTransactionManagementConfiguration$$EnhancerBySpringCGLIB$$25eb8274] is not eligible for getting processed by all BeanPostProcessors (for example: not eligible for auto-proxying)
2021-04-01 18:38:13.804  INFO 15821 --- [    Test worker] o.s.b.w.embedded.tomcat.TomcatWebServer  : Tomcat initialized with port(s): 0 (http)
2021-04-01 18:38:13.827  INFO 15821 --- [    Test worker] o.apache.catalina.core.StandardService   : Starting service [Tomcat]
2021-04-01 18:38:13.827  INFO 15821 --- [    Test worker] org.apache.catalina.core.StandardEngine  : Starting Servlet engine: [Apache Tomcat/9.0.22]
2021-04-01 18:38:13.921  INFO 15821 --- [    Test worker] o.a.c.c.C.[Tomcat].[localhost].[/]       : Initializing Spring embedded WebApplicationContext
2021-04-01 18:38:13.921  INFO 15821 --- [    Test worker] o.s.web.context.ContextLoader            : Root WebApplicationContext: initialization completed in 1624 ms
2021-04-01 18:38:14.177  INFO 15821 --- [    Test worker] com.zaxxer.hikari.HikariDataSource       : HikariPool-1 - Starting...
2021-04-01 18:38:14.400  INFO 15821 --- [    Test worker] com.zaxxer.hikari.HikariDataSource       : HikariPool-1 - Start completed.
2021-04-01 18:38:14.504  INFO 15821 --- [    Test worker] o.hibernate.jpa.internal.util.LogHelper  : HHH000204: Processing PersistenceUnitInfo [
	name: default
	...]
2021-04-01 18:38:14.611  INFO 15821 --- [    Test worker] org.hibernate.Version                    : HHH000412: Hibernate Core {5.3.10.Final}
2021-04-01 18:38:14.613  INFO 15821 --- [    Test worker] org.hibernate.cfg.Environment            : HHH000206: hibernate.properties not found
2021-04-01 18:38:14.833  INFO 15821 --- [    Test worker] o.hibernate.annotations.common.Version   : HCANN000001: Hibernate Commons Annotations {5.0.4.Final}
2021-04-01 18:38:15.019  INFO 15821 --- [    Test worker] org.hibernate.dialect.Dialect            : HHH000400: Using dialect: org.hibernate.dialect.MySQL5InnoDBDialect
Hibernate: drop table if exists posts
Hibernate: create table posts (id bigint not null auto_increment, create_date datetime, modified_date datetime, author varchar(255), content TEXT not null, title varchar(500) not null, primary key (id)) engine=InnoDB
2021-04-01 18:38:15.770  INFO 15821 --- [    Test worker] o.h.t.schema.internal.SchemaCreatorImpl  : HHH000476: Executing import script 'org.hibernate.tool.schema.internal.exec.ScriptSourceInputNonExistentImpl@1f5f4c0d'
2021-04-01 18:38:15.775  INFO 15821 --- [    Test worker] j.LocalContainerEntityManagerFactoryBean : Initialized JPA EntityManagerFactory for persistence unit 'default'
2021-04-01 18:38:16.614  INFO 15821 --- [    Test worker] o.s.s.concurrent.ThreadPoolTaskExecutor  : Initializing ExecutorService 'applicationTaskExecutor'
2021-04-01 18:38:16.679  WARN 15821 --- [    Test worker] aWebConfiguration$JpaWebMvcConfiguration : spring.jpa.open-in-view is enabled by default. Therefore, database queries may be performed during view rendering. Explicitly configure spring.jpa.open-in-view to disable this warning
2021-04-01 18:38:16.731  INFO 15821 --- [    Test worker] o.s.b.a.w.s.WelcomePageHandlerMapping    : Adding welcome page template: index
2021-04-01 18:38:17.046  INFO 15821 --- [    Test worker] o.s.b.w.embedded.tomcat.TomcatWebServer  : Tomcat started on port(s): 61081 (http) with context path ''
2021-04-01 18:38:17.049  INFO 15821 --- [    Test worker] c.g.t.s.web.IndexControllerTest          : Started IndexControllerTest in 5.286 seconds (JVM running for 6.239)
2021-04-01 18:38:17.225  INFO 15821 --- [o-auto-1-exec-1] o.a.c.c.C.[Tomcat].[localhost].[/]       : Initializing Spring DispatcherServlet 'dispatcherServlet'
2021-04-01 18:38:17.226  INFO 15821 --- [o-auto-1-exec-1] o.s.web.servlet.DispatcherServlet        : Initializing Servlet 'dispatcherServlet'
2021-04-01 18:38:17.262  INFO 15821 --- [o-auto-1-exec-1] o.s.web.servlet.DispatcherServlet        : Completed initialization in 36 ms
]]></system-out>
  <system-err><![CDATA[]]></system-err>
</testsuite>
